0 info it worked if it ends with ok
1 verbose cli [ 'node', '/Users/etysk/.nvm/v0.10.32/bin/npm', 'run', 'build' ]
2 info using npm@2.14.2
3 info using node@v0.10.32
4 verbose run-script [ 'prebuild', 'build', 'postbuild' ]
5 info prebuild cadence-docs@1.0.0
6 verbose unsafe-perm in lifecycle true
7 info build cadence-docs@1.0.0
8 verbose unsafe-perm in lifecycle true
9 info cadence-docs@1.0.0 Failed to exec build script
10 verbose stack Error: cadence-docs@1.0.0 build: `vuepress build`
10 verbose stack Exit status 8
10 verbose stack     at EventEmitter.<anonymous> (/Users/etysk/.nvm/v0.10.32/lib/node_modules/npm/lib/utils/lifecycle.js:214:16)
10 verbose stack     at EventEmitter.emit (events.js:98:17)
10 verbose stack     at ChildProcess.<anonymous> (/Users/etysk/.nvm/v0.10.32/lib/node_modules/npm/lib/utils/spawn.js:24:14)
10 verbose stack     at ChildProcess.emit (events.js:98:17)
10 verbose stack     at maybeClose (child_process.js:756:16)
10 verbose stack     at Process.ChildProcess._handle.onexit (child_process.js:823:5)
11 verbose pkgid cadence-docs@1.0.0
12 verbose cwd /Users/etysk/Documents/cadence.io/cadence/src
13 error Darwin 19.6.0
14 error argv "node" "/Users/etysk/.nvm/v0.10.32/bin/npm" "run" "build"
15 error node v0.10.32
16 error npm  v2.14.2
17 error code ELIFECYCLE
18 error cadence-docs@1.0.0 build: `vuepress build`
18 error Exit status 8
19 error Failed at the cadence-docs@1.0.0 build script 'vuepress build'.
19 error This is most likely a problem with the cadence-docs package,
19 error not with npm itself.
19 error Tell the author that this fails on your system:
19 error     vuepress build
19 error You can get their info via:
19 error     npm owner ls cadence-docs
19 error There is likely additional logging output above.
20 verbose exit [ 1, true ]
